0 info it worked if it ends with ok
1 verbose cli [ 'node',
1 verbose cli   '/usr/local/bin/npm',
1 verbose cli   'install',
1 verbose cli   'immutable-js',
1 verbose cli   '--save-dev' ]
2 info using npm@2.0.0
3 info using node@v0.10.32
4 verbose node symlink /usr/local/bin/node
5 warn package.json react-tetris@0.0.0 No description
6 warn package.json react-tetris@0.0.0 No repository field.
7 warn package.json react-tetris@0.0.0 No README data
8 warn package.json keydrown@1.1.0 No repository field.
9 verbose readDependencies using package.json deps
10 verbose cache add [ 'immutable-js', null ]
11 verbose cache add spec="immutable-js" args=["immutable-js",null]
12 verbose parsed spec { raw: 'immutable-js',
12 verbose parsed spec   scope: null,
12 verbose parsed spec   name: 'immutable-js',
12 verbose parsed spec   rawSpec: '',
12 verbose parsed spec   spec: '*',
12 verbose parsed spec   type: 'range' }
13 verbose parsed spec { raw: 'immutable-js',
13 verbose parsed spec   scope: null,
13 verbose parsed spec   name: 'immutable-js',
13 verbose parsed spec   rawSpec: '',
13 verbose parsed spec   spec: '*',
13 verbose parsed spec   type: 'range' }
14 verbose addNamed [ 'immutable-js', '*' ]
15 verbose addNamed [ null, '*' ]
16 silly lockFile 982a45cf-immutable-js immutable-js@*
17 verbose lock immutable-js@* /Users/jstotz/.npm/982a45cf-immutable-js.lock
18 silly addNameRange { name: 'immutable-js', range: '*', hasData: false }
19 verbose mapToRegistry name immutable-js
20 verbose mapToRegistry uri https://registry.npmjs.org/immutable-js
21 verbose request on initialization, where is /immutable-js
22 verbose request after pass 1, where is /immutable-js
23 verbose request url raw /immutable-js
24 verbose request resolving registry [ 'https://registry.npmjs.org/', './immutable-js' ]
25 verbose request after pass 2, where is https://registry.npmjs.org/immutable-js
26 verbose request no auth needed
27 info attempt registry request try #1 at 13:59:38
28 verbose request id b89f3c0651350b59
29 http request GET https://registry.npmjs.org/immutable-js
30 http 404 https://registry.npmjs.org/immutable-js
31 verbose headers { date: 'Mon, 29 Sep 2014 17:59:39 GMT',
31 verbose headers   server: 'CouchDB/1.5.0 (Erlang OTP/R16B03)',
31 verbose headers   'content-type': 'application/json',
31 verbose headers   'cache-control': 'max-age=0',
31 verbose headers   'content-length': '52',
31 verbose headers   'accept-ranges': 'bytes',
31 verbose headers   via: '1.1 varnish',
31 verbose headers   age: '0',
31 verbose headers   'x-served-by': 'cache-iad2129-IAD',
31 verbose headers   'x-cache': 'MISS',
31 verbose headers   'x-cache-hits': '0',
31 verbose headers   'x-timer': 'S1412013579.295474,VS0,VE86',
31 verbose headers   'keep-alive': 'timeout=10, max=50',
31 verbose headers   connection: 'Keep-Alive' }
32 silly registry.get cb [ 404,
32 silly registry.get   { date: 'Mon, 29 Sep 2014 17:59:39 GMT',
32 silly registry.get     server: 'CouchDB/1.5.0 (Erlang OTP/R16B03)',
32 silly registry.get     'content-type': 'application/json',
32 silly registry.get     'cache-control': 'max-age=0',
32 silly registry.get     'content-length': '52',
32 silly registry.get     'accept-ranges': 'bytes',
32 silly registry.get     via: '1.1 varnish',
32 silly registry.get     age: '0',
32 silly registry.get     'x-served-by': 'cache-iad2129-IAD',
32 silly registry.get     'x-cache': 'MISS',
32 silly registry.get     'x-cache-hits': '0',
32 silly registry.get     'x-timer': 'S1412013579.295474,VS0,VE86',
32 silly registry.get     'keep-alive': 'timeout=10, max=50',
32 silly registry.get     connection: 'Keep-Alive' } ]
33 silly lockFile 982a45cf-immutable-js immutable-js@*
34 silly lockFile 982a45cf-immutable-js immutable-js@*
35 verbose stack Error: 404 Not Found: immutable-js
35 verbose stack     at RegClient.<anonymous> (/usr/local/lib/node_modules/npm/node_modules/npm-registry-client/lib/request.js:259:14)
35 verbose stack     at Request._callback (/usr/local/lib/node_modules/npm/node_modules/npm-registry-client/lib/request.js:198:65)
35 verbose stack     at Request.self.callback (/usr/local/lib/node_modules/npm/node_modules/request/request.js:236:22)
35 verbose stack     at Request.emit (events.js:98:17)
35 verbose stack     at Request.<anonymous> (/usr/local/lib/node_modules/npm/node_modules/request/request.js:1142:14)
35 verbose stack     at Request.emit (events.js:117:20)
35 verbose stack     at IncomingMessage.<anonymous> (/usr/local/lib/node_modules/npm/node_modules/request/request.js:1096:12)
35 verbose stack     at IncomingMessage.emit (events.js:117:20)
35 verbose stack     at _stream_readable.js:943:16
35 verbose stack     at process._tickCallback (node.js:419:13)
36 verbose statusCode 404
37 verbose pkgid immutable-js
38 verbose cwd /Users/jstotz/Projects/playground/react-tetris
39 error Darwin 13.4.0
40 error argv "node" "/usr/local/bin/npm" "install" "immutable-js" "--save-dev"
41 error node v0.10.32
42 error npm  v2.0.0
43 error code E404
44 error 404 Not Found: immutable-js
44 error 404
44 error 404 'immutable-js' is not in the npm registry.
44 error 404 You should bug the author to publish it (or use the name yourself!)
44 error 404 It was specified as a dependency of 'react-tetris'
44 error 404
44 error 404 Note that you can also install from a
44 error 404 tarball, folder, http url, or git url.
45 verbose exit [ 1, true ]
